<?xml version="1.0" encoding="UTF-8"?>
<testng-results skipped="0" failed="0" total="1" passed="1">
  <reporter-output>
  </reporter-output>
  <suite name="seleniumTestSuite" duration-ms="13598" started-at="2015-12-05T13:13:50Z" finished-at="2015-12-05T13:14:03Z">
    <groups>
    </groups>
    <test name="seleniumTest" duration-ms="13598" started-at="2015-12-05T13:13:50Z" finished-at="2015-12-05T13:14:03Z">
      <class name="testing.SeleniumTest">
        <test-method status="PASS" signature="beforeSuite()[pri:0, instance:testing.SeleniumTest@7e0babb1]" name="beforeSuite" is-config="true" duration-ms="5274" started-at="2015-12-05T18:43:44Z" finished-at="2015-12-05T18:43:50Z">
          <reporter-output>
          </reporter-output>
        </test-method> <!-- beforeSuite -->
        <test-method status="PASS" signature="connect()[pri:0, instance:testing.SeleniumTest@7e0babb1]" name="connect" is-config="true" duration-ms="12038" started-at="2015-12-05T18:43:50Z" finished-at="2015-12-05T18:44:02Z">
          <reporter-output>
          </reporter-output>
        </test-method> <!-- connect -->
        <test-method status="PASS" signature="beforeClass()[pri:0, instance:testing.SeleniumTest@7e0babb1]" name="beforeClass" is-config="true" duration-ms="0" started-at="2015-12-05T18:44:02Z" finished-at="2015-12-05T18:44:02Z">
          <reporter-output>
          </reporter-output>
        </test-method> <!-- beforeClass -->
        <test-method status="PASS" signature="openingBrowser()[pri:0, instance:testing.SeleniumTest@7e0babb1]" name="openingBrowser" is-config="true" duration-ms="0" started-at="2015-12-05T18:44:02Z" finished-at="2015-12-05T18:44:02Z">
          <reporter-output>
          </reporter-output>
        </test-method> <!-- openingBrowser -->
        <test-method status="PASS" signature="testSelectDate()[pri:0, instance:testing.SeleniumTest@7e0babb1]" name="testSelectDate" duration-ms="1494" started-at="2015-12-05T18:44:02Z" finished-at="2015-12-05T18:44:03Z">
          <reporter-output>
          </reporter-output>
        </test-method> <!-- testSelectDate -->
        <test-method status="PASS" signature="closingBrowser()[pri:0, instance:testing.SeleniumTest@7e0babb1]" name="closingBrowser" is-config="true" duration-ms="0" started-at="2015-12-05T18:44:03Z" finished-at="2015-12-05T18:44:03Z">
          <reporter-output>
          </reporter-output>
        </test-method> <!-- closingBrowser -->
        <test-method status="PASS" signature="afterClass()[pri:0, instance:testing.SeleniumTest@7e0babb1]" name="afterClass" is-config="true" duration-ms="1" started-at="2015-12-05T18:44:03Z" finished-at="2015-12-05T18:44:03Z">
          <reporter-output>
          </reporter-output>
        </test-method> <!-- afterClass -->
        <test-method status="PASS" signature="endingConnection()[pri:0, instance:testing.SeleniumTest@7e0babb1]" name="endingConnection" is-config="true" duration-ms="12" started-at="2015-12-05T18:44:03Z" finished-at="2015-12-05T18:44:03Z">
          <reporter-output>
          </reporter-output>
        </test-method> <!-- endingConnection -->
        <test-method status="PASS" signature="afterSuite()[pri:0, instance:testing.SeleniumTest@7e0babb1]" name="afterSuite" is-config="true" duration-ms="759" started-at="2015-12-05T18:44:03Z" finished-at="2015-12-05T18:44:04Z">
          <reporter-output>
          </reporter-output>
        </test-method> <!-- afterSuite -->
      </class> <!-- testing.SeleniumTest -->
    </test> <!-- seleniumTest -->
  </suite> <!-- seleniumTestSuite -->
</testng-results>
