<?xml version="1.0" encoding="UTF-8"?>
<!-- Generated by org.testng.reporters.JUnitXMLReporter -->
<testsuite hostname="mahak-PC" name="Login Test" tests="3" failures="0" timestamp="25 Dec 2015 13:51:48 GMT" time="0.592" errors="0">
  <testcase name="loginTest" time="0.129" classname="dataDrivenFramework.portfolio.LoginTest"/>
  <testcase name="loginTest" time="0.205" classname="dataDrivenFramework.portfolio.LoginTest">
    <skipped/>
  </testcase> <!-- loginTest -->
  <testcase name="loginTest" time="0.124" classname="dataDrivenFramework.portfolio.LoginTest"/>
</testsuite> <!-- Login Test -->
