<?xml version="1.0" encoding="UTF-8"?>
<!-- Generated by org.testng.reporters.JUnitXMLReporter -->
<testsuite hostname="mahak-PC" name="Test 1" tests="3" failures="0" timestamp="25 Dec 2015 13:35:09 GMT" time="0.464" errors="0">
  <testcase name="loginTest" time="0.118" classname="dataDrivenFramework.suiteA.Test1"/>
  <testcase name="loginTest" time="0.155" classname="dataDrivenFramework.suiteA.Test1">
    <skipped/>
  </testcase> <!-- loginTest -->
  <testcase name="loginTest" time="0.084" classname="dataDrivenFramework.suiteA.Test1"/>
</testsuite> <!-- Test 1 -->
