<?xml version="1.0" encoding="UTF-8"?>
<!-- Generated by org.testng.reporters.JUnitXMLReporter -->
<testsuite hostname="mahak-PC" name="Test1" tests="3" failures="0" timestamp="27 Dec 2015 10:24:48 GMT" time="21.49" errors="0">
  <testcase name="searchTest" time="17.315" classname="grid2.testCases.XTest_googleSearch"/>
  <testcase name="searchTest" time="21.445" classname="grid2.testCases.XTest_googleSearch"/>
  <testcase name="searchTest" time="21.449" classname="grid2.testCases.XTest_googleSearch"/>
</testsuite> <!-- Test1 -->
