<?xml version="1.0" encoding="UTF-8"?>
<testng-results skipped="0" failed="0" total="1" passed="1">
  <reporter-output>
  </reporter-output>
  <suite name="Default suite" duration-ms="49" started-at="2015-12-20T06:26:01Z" finished-at="2015-12-20T06:26:01Z">
    <groups>
    </groups>
    <test name="Default test" duration-ms="49" started-at="2015-12-20T06:26:01Z" finished-at="2015-12-20T06:26:01Z">
      <class name="com.learntetsng.AppTest">
        <test-method status="PASS" signature="testApp()[pri:0, instance:com.learntetsng.AppTest@33e5ccce]" name="testApp" duration-ms="22" started-at="2015-12-20T11:56:01Z" finished-at="2015-12-20T11:56:01Z">
          <reporter-output>
          </reporter-output>
        </test-method> <!-- testApp -->
      </class> <!-- com.learntetsng.AppTest -->
    </test> <!-- Default test -->
  </suite> <!-- Default suite -->
</testng-results>
