<?xml version="1.0" encoding="UTF-8"?>
<!-- Generated by org.testng.reporters.JUnitXMLReporter -->
<testsuite hostname="mahak-PC" name="Test 1" tests="3" failures="0" timestamp="3 Jan 2016 07:07:36 GMT" time="0.13" errors="0">
  <testcase name="test1" time="0.025" classname="dataDrivenFramework.suiteB.Test1">
    <skipped/>
  </testcase> <!-- test1 -->
  <testcase name="test1" time="0.024" classname="dataDrivenFramework.suiteB.Test1">
    <skipped/>
  </testcase> <!-- test1 -->
  <testcase name="test1" time="0.036" classname="dataDrivenFramework.suiteB.Test1">
    <skipped/>
  </testcase> <!-- test1 -->
</testsuite> <!-- Test 1 -->
