<?xml version="1.0" encoding="UTF-8"?>
<!-- Generated by org.testng.reporters.JUnitXMLReporter -->
<testsuite hostname="mahak-PC" name="Test 2" tests="3" failures="0" timestamp="3 Jan 2016 07:07:36 GMT" time="0.127" errors="0">
  <testcase name="test2" time="0.023" classname="dataDrivenFramework.suiteB.Test2">
    <skipped/>
  </testcase> <!-- test2 -->
  <testcase name="test2" time="0.04" classname="dataDrivenFramework.suiteB.Test2">
    <skipped/>
  </testcase> <!-- test2 -->
  <testcase name="test2" time="0.022" classname="dataDrivenFramework.suiteB.Test2">
    <skipped/>
  </testcase> <!-- test2 -->
</testsuite> <!-- Test 2 -->
