<?xml version="1.0" encoding="UTF-8"?>
<!-- Generated by org.testng.reporters.JUnitXMLReporter -->
<testsuite hostname="mahak-PC" name="test2" tests="1" failures="0" timestamp="5 Dec 2015 12:49:20 GMT" time="0.015" errors="0">
  <testcase name="@BeforeTest beforeTest" time="0.0" classname="testing.NewTest2">
    <skipped/>
  </testcase> <!-- @BeforeTest beforeTest -->
  <testcase name="@BeforeClass beforeClass" time="0.0" classname="testing.NewTest2">
    <skipped/>
  </testcase> <!-- @BeforeClass beforeClass -->
  <testcase name="@AfterClass afterClass" time="0.0" classname="testing.NewTest2">
    <skipped/>
  </testcase> <!-- @AfterClass afterClass -->
  <testcase name="@AfterTest afterTest" time="0.0" classname="testing.NewTest2">
    <skipped/>
  </testcase> <!-- @AfterTest afterTest -->
  <testcase name="testMethod" time="0.001" classname="testing.NewTest2">
    <skipped/>
  </testcase> <!-- testMethod -->
</testsuite> <!-- test2 -->
