<?xml version="1.0" encoding="UTF-8" ?>
<testsuite errors="0" failures="0" hostname="mahak-PC" name="junit.test.SecondTestCase" skipped="1" tests="3" time="0.076" timestamp="2015-11-14T14:13:15">
  <properties>
[...]
</properties>
  <testcase classname="junit.test.SecondTestCase" name="loginTest" time="0.002">
    <skipped />
  </testcase>
  <testcase classname="junit.test.SecondTestCase" name="registerTest" time="0.001" />
  <testcase classname="junit.test.SecondTestCase" name="logoutTest" time="0.001" />
  <system-out><![CDATA[Beginning of second test case
Registering the user
Testing Logging out functionality
Ending
]]></system-out>
  <system-err><![CDATA[]]></system-err>
</testsuite>
