<?xml version="1.0" encoding="UTF-8"?>
<!-- Generated by org.testng.reporters.JUnitReportReporter -->
<testsuite hostname="mahak-PC" name="dataDrivenFramework.suiteB.Test2" tests="3" failures="3" timestamp="25 Dec 2015 12:23:49 GMT" time="0.003" errors="0">
  <testcase name="test2" time="0.001" classname="dataDrivenFramework.suiteB.Test2"/>
  <testcase name="test2" time="0.001" classname="dataDrivenFramework.suiteB.Test2"/>
  <testcase name="test2" time="0.001" classname="dataDrivenFramework.suiteB.Test2"/>
</testsuite> <!-- dataDrivenFramework.suiteB.Test2 -->
