<?xml version="1.0" encoding="UTF-8"?>
<!-- Generated by org.testng.reporters.JUnitXMLReporter -->
<testsuite hostname="mahak-PC" name="Default test" tests="4" failures="0" timestamp="21 Jul 2015 20:35:11 GMT" time="88.851" errors="0">
  <testcase name="verifyInvalidLogin" time="39.604" classname="testcases.NewTestNg"/>
  <testcase name="verifyInvalidLogin" time="5.494" classname="testcases.NewTestNg"/>
  <testcase name="verifyInvalidLogin" time="10.017" classname="testcases.NewTestNg"/>
  <testcase name="verifyInvalidLogin" time="6.106" classname="testcases.NewTestNg"/>
</testsuite> <!-- Default test -->
