<?xml version="1.0" encoding="UTF-8"?>
<!-- Generated by org.testng.reporters.JUnitXMLReporter -->
<testsuite hostname="mahak-PC" name="Test 2" tests="3" failures="0" timestamp="26 Dec 2015 08:02:41 GMT" time="0.134" errors="0">
  <testcase name="@BeforeSuite beforeSuite" time="0.0" classname="dataDrivenFramework.suiteB.Test2">
    <skipped/>
  </testcase> <!-- @BeforeSuite beforeSuite -->
  <testcase name="@BeforeClass beforeClass" time="0.0" classname="dataDrivenFramework.suiteB.Test2">
    <skipped/>
  </testcase> <!-- @BeforeClass beforeClass -->
  <testcase name="test2" time="0.002" classname="dataDrivenFramework.suiteB.Test2">
    <skipped/>
  </testcase> <!-- test2 -->
  <testcase name="test2" time="0.001" classname="dataDrivenFramework.suiteB.Test2">
    <skipped/>
  </testcase> <!-- test2 -->
  <testcase name="test2" time="0.002" classname="dataDrivenFramework.suiteB.Test2">
    <skipped/>
  </testcase> <!-- test2 -->
</testsuite> <!-- Test 2 -->
