<?xml version="1.0" encoding="UTF-8"?>
<!-- Generated by org.testng.reporters.JUnitXMLReporter -->
<testsuite hostname="mahak-PC" name="Test 1" tests="3" failures="0" timestamp="26 Dec 2015 08:02:41 GMT" time="0.258" errors="0">
  <testcase name="test1" time="0.001" classname="dataDrivenFramework.suiteB.Test1">
    <skipped/>
  </testcase> <!-- test1 -->
  <testcase name="test1" time="0.001" classname="dataDrivenFramework.suiteB.Test1">
    <skipped/>
  </testcase> <!-- test1 -->
  <testcase name="test1" time="0.001" classname="dataDrivenFramework.suiteB.Test1">
    <skipped/>
  </testcase> <!-- test1 -->
</testsuite> <!-- Test 1 -->
