<?xml version="1.0" encoding="UTF-8"?>
<!-- Generated by org.testng.reporters.JUnitXMLReporter -->
<testsuite hostname="mahak-PC" name="Test 1" tests="3" failures="0" timestamp="25 Dec 2015 12:23:48 GMT" time="0.59" errors="0">
  <testcase name="test1" time="0.141" classname="dataDrivenFramework.suiteA.Test1"/>
  <testcase name="test1" time="0.177" classname="dataDrivenFramework.suiteA.Test1">
    <skipped/>
  </testcase> <!-- test1 -->
  <testcase name="test1" time="0.14" classname="dataDrivenFramework.suiteA.Test1"/>
</testsuite> <!-- Test 1 -->
