<?xml version="1.0" encoding="UTF-8"?>
<!-- Generated by org.testng.reporters.JUnitXMLReporter -->
<testsuite hostname="mahak-PC" name="Test 1" tests="3" failures="0" timestamp="3 Jan 2016 07:07:35 GMT" time="1.262" errors="0">
  <testcase name="test1" time="0.099" classname="dataDrivenFramework.suiteA.Test1"/>
  <testcase name="test1" time="0.082" classname="dataDrivenFramework.suiteA.Test1">
    <skipped/>
  </testcase> <!-- test1 -->
  <testcase name="test1" time="0.088" classname="dataDrivenFramework.suiteA.Test1"/>
</testsuite> <!-- Test 1 -->
