<?xml version="1.0" encoding="UTF-8"?>
<!-- Generated by org.testng.reporters.JUnitXMLReporter -->
<testsuite hostname="mahak-PC" name="Test 2" tests="3" failures="0" timestamp="3 Jan 2016 07:07:35 GMT" time="0.329" errors="0">
  <testcase name="test2" time="0.078" classname="dataDrivenFramework.suiteA.Test2">
    <skipped/>
  </testcase> <!-- test2 -->
  <testcase name="test2" time="0.083" classname="dataDrivenFramework.suiteA.Test2">
    <skipped/>
  </testcase> <!-- test2 -->
  <testcase name="test2" time="0.109" classname="dataDrivenFramework.suiteA.Test2">
    <skipped/>
  </testcase> <!-- test2 -->
</testsuite> <!-- Test 2 -->
