<?xml version="1.0" encoding="UTF-8"?>
<!-- Generated by org.testng.reporters.JUnitXMLReporter -->
<testsuite hostname="mahak-PC" name="Test A1" tests="3" failures="0" timestamp="25 Dec 2015 07:50:09 GMT" time="0.62" errors="0">
  <testcase name="test1" time="0.113" classname="dataDrivenFramework.suiteA.Test1"/>
  <testcase name="test1" time="0.192" classname="dataDrivenFramework.suiteA.Test1">
    <skipped/>
  </testcase> <!-- test1 -->
  <testcase name="test1" time="0.168" classname="dataDrivenFramework.suiteA.Test1"/>
</testsuite> <!-- Test A1 -->
