<?xml version="1.0" encoding="UTF-8"?>
<!-- Generated by org.testng.reporters.JUnitXMLReporter -->
<testsuite hostname="mahak-PC" name="Test A2" tests="3" failures="0" timestamp="25 Dec 2015 07:50:10 GMT" time="0.185" errors="0">
  <testcase name="@BeforeClass beforeClass" time="0.0" classname="dataDrivenFramework.suiteA.Test2">
    <skipped/>
  </testcase> <!-- @BeforeClass beforeClass -->
  <testcase name="test2" time="0.001" classname="dataDrivenFramework.suiteA.Test2">
    <skipped/>
  </testcase> <!-- test2 -->
  <testcase name="test2" time="0.002" classname="dataDrivenFramework.suiteA.Test2">
    <skipped/>
  </testcase> <!-- test2 -->
  <testcase name="test2" time="0.001" classname="dataDrivenFramework.suiteA.Test2">
    <skipped/>
  </testcase> <!-- test2 -->
</testsuite> <!-- Test A2 -->
