<?xml version="1.0" encoding="UTF-8"?>
<!-- Generated by org.testng.reporters.JUnitXMLReporter -->
<testsuite hostname="mahak-PC" name="Test 2" tests="3" failures="0" timestamp="25 Dec 2015 12:23:48 GMT" time="0.197" errors="0">
  <testcase name="@BeforeClass beforeClass" time="0.0" classname="dataDrivenFramework.suiteA.Test2">
    <skipped/>
  </testcase> <!-- @BeforeClass beforeClass -->
  <testcase name="test2" time="0.002" classname="dataDrivenFramework.suiteA.Test2">
    <skipped/>
  </testcase> <!-- test2 -->
  <testcase name="test2" time="0.004" classname="dataDrivenFramework.suiteA.Test2">
    <skipped/>
  </testcase> <!-- test2 -->
  <testcase name="test2" time="0.002" classname="dataDrivenFramework.suiteA.Test2">
    <skipped/>
  </testcase> <!-- test2 -->
</testsuite> <!-- Test 2 -->
