<?xml version="1.0" encoding="UTF-8"?>
<!-- Generated by org.testng.reporters.JUnitXMLReporter -->
<testsuite hostname="mahak-PC" name="Test 1" tests="2" failures="1" timestamp="2 Jan 2016 10:02:09 GMT" time="0.045" errors="0">
  <testcase name="test1" time="0.015" classname="suiteA.Test1">
    <failure type="java.lang.AssertionError" message="First Set Failed">
      <![CDATA[java.lang.AssertionError: First Set Failed
	at suiteA.Test1.test1(Test1.java:13)
... Removed 26 stack frames]]>
    </failure>
  </testcase> <!-- test1 -->
  <testcase name="test1" time="0.001" classname="suiteA.Test1"/>
</testsuite> <!-- Test 1 -->
