<?xml version="1.0" encoding="UTF-8"?>
<!-- Generated by org.testng.reporters.JUnitXMLReporter -->
<testsuite hostname="mahak-PC" name="Test 2" tests="1" failures="1" timestamp="2 Jan 2016 10:02:09 GMT" time="0.008" errors="0">
  <testcase name="test2" time="0.003" classname="suiteA.Test2">
    <failure type="java.lang.AssertionError" message="expected [B] but found [A]">
      <![CDATA[java.lang.AssertionError: expected [B] but found [A]
	at suiteA.Test2.test2(Test2.java:11)
... Removed 30 stack frames]]>
    </failure>
  </testcase> <!-- test2 -->
</testsuite> <!-- Test 2 -->
