<?xml version="1.0" encoding="UTF-8"?>
<!-- Generated by org.testng.reporters.JUnitReportReporter -->
<testsuite hostname="mahak-PC" name="dataDrivenFramework.suiteB.Test1" tests="3" failures="3" timestamp="26 Dec 2015 08:02:41 GMT" time="0.003" errors="0">
  <testcase name="test1" time="0.001" classname="dataDrivenFramework.suiteB.Test1"/>
  <testcase name="test1" time="0.001" classname="dataDrivenFramework.suiteB.Test1"/>
  <testcase name="test1" time="0.001" classname="dataDrivenFramework.suiteB.Test1"/>
</testsuite> <!-- dataDrivenFramework.suiteB.Test1 -->
