<?xml version="1.0" encoding="UTF-8"?>
<testng-results skipped="0" failed="0" total="2" passed="2">
  <reporter-output>
  </reporter-output>
  <suite name="Default suite" duration-ms="22289" started-at="2015-11-17T19:47:10Z" finished-at="2015-11-17T19:47:33Z">
    <groups>
    </groups>
    <test name="Default test" duration-ms="22289" started-at="2015-11-17T19:47:10Z" finished-at="2015-11-17T19:47:33Z">
      <class name="module11.LaunchDynamically">
        <test-method status="PASS" signature="testApp(java.lang.String, java.lang.String, java.lang.String)[pri:0, instance:module11.LaunchDynamically@649d209a]" name="testApp" duration-ms="8388" started-at="2015-11-18T01:17:11Z" data-provider="getData" finished-at="2015-11-18T01:17:19Z">
          <params>
            <param index="0">
              <value>
                <![CDATA[Mozilla]]>
              </value>
            </param>
            <param index="1">
              <value>
                <![CDATA[user1]]>
              </value>
            </param>
            <param index="2">
              <value>
                <![CDATA[Pass1]]>
              </value>
            </param>
          </params>
          <reporter-output>
          </reporter-output>
        </test-method> <!-- testApp -->
        <test-method status="PASS" signature="testApp(java.lang.String, java.lang.String, java.lang.String)[pri:0, instance:module11.LaunchDynamically@649d209a]" name="testApp" duration-ms="13871" started-at="2015-11-18T01:17:19Z" data-provider="getData" finished-at="2015-11-18T01:17:33Z">
          <params>
            <param index="0">
              <value>
                <![CDATA[Chrome]]>
              </value>
            </param>
            <param index="1">
              <value>
                <![CDATA[user2]]>
              </value>
            </param>
            <param index="2">
              <value>
                <![CDATA[pass2]]>
              </value>
            </param>
          </params>
          <reporter-output>
          </reporter-output>
        </test-method> <!-- testApp -->
      </class> <!-- module11.LaunchDynamically -->
    </test> <!-- Default test -->
  </suite> <!-- Default suite -->
</testng-results>
