<?xml version="1.0" encoding="UTF-8"?>
<!-- Generated by org.testng.reporters.JUnitXMLReporter -->
<testsuite hostname="mahak-PC" name="Default test" tests="3" failures="0" timestamp="25 Dec 2015 11:32:15 GMT" time="1.693" errors="0">
  <testcase name="test1" time="0.163" classname="dataDrivenFramework.suiteA.Test1"/>
  <testcase name="test1" time="0.147" classname="dataDrivenFramework.suiteA.Test1">
    <skipped/>
  </testcase> <!-- test1 -->
  <testcase name="test1" time="0.152" classname="dataDrivenFramework.suiteA.Test1"/>
</testsuite> <!-- Default test -->
