<?xml version="1.0" encoding="UTF-8"?>
<!-- Generated by org.testng.reporters.JUnitXMLReporter -->
<testsuite hostname="mahak-PC" name="Test A" tests="6" failures="0" timestamp="25 Dec 2015 05:01:24 GMT" time="2.17" errors="0">
  <testcase name="test1" time="0.147" classname="dataDrivenFramework.suiteA.Test1"/>
  <testcase name="test1" time="0.081" classname="dataDrivenFramework.suiteA.Test1">
    <skipped/>
  </testcase> <!-- test1 -->
  <testcase name="test1" time="0.173" classname="dataDrivenFramework.suiteA.Test1"/>
  <testcase name="test2" time="0.164" classname="dataDrivenFramework.suiteA.Test2">
    <skipped/>
  </testcase> <!-- test2 -->
  <testcase name="test2" time="0.114" classname="dataDrivenFramework.suiteA.Test2">
    <skipped/>
  </testcase> <!-- test2 -->
  <testcase name="test2" time="0.073" classname="dataDrivenFramework.suiteA.Test2">
    <skipped/>
  </testcase> <!-- test2 -->
</testsuite> <!-- Test A -->
